Performing C SOURCE FILE Test CMAKE_HAVE_LIBC_PTHREAD failed with the following output:
Change Dir: /home/msi/0120_catkin_ws/src/plan_demo/cmake-build-debug/CMakeFiles/CMakeTmp

Run Build Command(s):/usr/bin/make cmTC_038ac/fast && /usr/bin/make  -f CMakeFiles/cmTC_038ac.dir/build.make CMakeFiles/cmTC_038ac.dir/build
make[1]: 进入目录“/home/msi/0120_catkin_ws/src/plan_demo/cmake-build-debug/CMakeFiles/CMakeTmp”
Building C object CMakeFiles/cmTC_038ac.dir/src.c.o
/usr/bin/cc -DCMAKE_HAVE_LIBC_PTHREAD   -o CMakeFiles/cmTC_038ac.dir/src.c.o -c /home/msi/0120_catkin_ws/src/plan_demo/cmake-build-debug/CMakeFiles/CMakeTmp/src.c
Linking C executable cmTC_038ac
/home/msi/.local/share/JetBrains/Toolbox/apps/CLion/ch-1/211.7628.27/bin/cmake/linux/bin/cmake -E cmake_link_script CMakeFiles/cmTC_038ac.dir/link.txt --verbose=1
/usr/bin/cc -rdynamic CMakeFiles/cmTC_038ac.dir/src.c.o -o cmTC_038ac 
/usr/bin/ld: CMakeFiles/cmTC_038ac.dir/src.c.o: in function `main':
src.c:(.text+0x46): undefined reference to `pthread_create'
/usr/bin/ld: src.c:(.text+0x52): undefined reference to `pthread_detach'
/usr/bin/ld: src.c:(.text+0x5e): undefined reference to `pthread_cancel'
/usr/bin/ld: src.c:(.text+0x6f): undefined reference to `pthread_join'
collect2: error: ld returned 1 exit status
make[1]: *** [CMakeFiles/cmTC_038ac.dir/build.make:106：cmTC_038ac] 错误 1
make[1]: 离开目录“/home/msi/0120_catkin_ws/src/plan_demo/cmake-build-debug/CMakeFiles/CMakeTmp”
make: *** [Makefile:140：cmTC_038ac/fast] 错误 2


Source file was:
#include <pthread.h>

static void* test_func(void* data)
{
  return data;
}

int main(void)
{
  pthread_t thread;
  pthread_create(&thread, NULL, test_func, NULL);
  pthread_detach(thread);
  pthread_cancel(thread);
  pthread_join(thread, NULL);
  pthread_atfork(NULL, NULL, NULL);
  pthread_exit(NULL);

  return 0;
}

Determining if the function pthread_create exists in the pthreads failed with the following output:
Change Dir: /home/msi/0120_catkin_ws/src/plan_demo/cmake-build-debug/CMakeFiles/CMakeTmp

Run Build Command(s):/usr/bin/make cmTC_07808/fast && /usr/bin/make  -f CMakeFiles/cmTC_07808.dir/build.make CMakeFiles/cmTC_07808.dir/build
make[1]: 进入目录“/home/msi/0120_catkin_ws/src/plan_demo/cmake-build-debug/CMakeFiles/CMakeTmp”
Building C object CMakeFiles/cmTC_07808.dir/CheckFunctionExists.c.o
/usr/bin/cc   -DCHECK_FUNCTION_EXISTS=pthread_create -o CMakeFiles/cmTC_07808.dir/CheckFunctionExists.c.o -c /home/msi/.local/share/JetBrains/Toolbox/apps/CLion/ch-1/211.7628.27/bin/cmake/linux/share/cmake-3.19/Modules/CheckFunctionExists.c
Linking C executable cmTC_07808
/home/msi/.local/share/JetBrains/Toolbox/apps/CLion/ch-1/211.7628.27/bin/cmake/linux/bin/cmake -E cmake_link_script CMakeFiles/cmTC_07808.dir/link.txt --verbose=1
/usr/bin/cc  -DCHECK_FUNCTION_EXISTS=pthread_create -rdynamic CMakeFiles/cmTC_07808.dir/CheckFunctionExists.c.o -o cmTC_07808  -lpthreads 
/usr/bin/ld: 找不到 -lpthreads
collect2: error: ld returned 1 exit status
make[1]: *** [CMakeFiles/cmTC_07808.dir/build.make:106：cmTC_07808] 错误 1
make[1]: 离开目录“/home/msi/0120_catkin_ws/src/plan_demo/cmake-build-debug/CMakeFiles/CMakeTmp”
make: *** [Makefile:140：cmTC_07808/fast] 错误 2



